STATUS | wrapper  | 2013/05/03 11:05:34 | --> Wrapper Started as Console
STATUS | wrapper  | 2013/05/03 11:05:34 | Java Service Wrapper Community Edition 32-bit 3.5.15
STATUS | wrapper  | 2013/05/03 11:05:34 |   Copyright (C) 1999-2012 Tanuki Software, Ltd. All Rights Reserved.
STATUS | wrapper  | 2013/05/03 11:05:34 |     http://wrapper.tanukisoftware.com
STATUS | wrapper  | 2013/05/03 11:05:34 | 
DEBUG  | wrapper  | 2013/05/03 11:05:34 | Launching Startup thread.
DEBUG  | wrapper  | 2013/05/03 11:05:34 | Startup thread started.
DEBUG  | wrapper  | 2013/05/03 11:05:34 | Attempting to verify the binary signature.
DEBUG  | wrapper  | 2013/05/03 11:05:34 | The file "D:\workspace\SeleniumGridService\node\bin\wrapper.exe" is signed and the signature was verified.
DEBUG  | wrapper  | 2013/05/03 11:05:34 |   Signer Certificate:
DEBUG  | wrapper  | 2013/05/03 11:05:34 |     Serial Number: 
DEBUG  | wrapper  | 2013/05/03 11:05:34 |       00 97 06 fe b5 6e 56 cc cb 66 3a bb 55 a7 a0 e4 76 
DEBUG  | wrapper  | 2013/05/03 11:05:34 |     Issuer Name: UTN-USERFirst-Object
DEBUG  | wrapper  | 2013/05/03 11:05:34 |     Subject Name: Tanuki Software Ltd.
DEBUG  | wrapper  | 2013/05/03 11:05:34 |   TimeStamp Certificate:
DEBUG  | wrapper  | 2013/05/03 11:05:34 |     Serial Number: 
DEBUG  | wrapper  | 2013/05/03 11:05:34 |       47 8a 8e fb 59 e1 d8 3f 0c e1 42 d2 a2 87 07 be 
DEBUG  | wrapper  | 2013/05/03 11:05:34 |     Issuer Name: UTN-USERFirst-Object
DEBUG  | wrapper  | 2013/05/03 11:05:34 |     Subject Name: COMODO Time Stamping Signer
DEBUG  | wrapper  | 2013/05/03 11:05:34 | 
DEBUG  | wrapper  | 2013/05/03 11:05:34 | Startup thread stopped.
DEBUG  | wrapper  | 2013/05/03 11:05:34 | Release time: 2012/06/20 00:00:00
DEBUG  | wrapper  | 2013/05/03 11:05:34 | Build time:   2012/06/20 17:50:00
DEBUG  | wrapper  | 2013/05/03 11:05:34 | Timezone:     Eastern Standard Time (Eastern Daylight Time) Offset: 18000, hasDaylight: 1
DEBUG  | wrapper  | 2013/05/03 11:05:34 | Using tick timer.
DEBUG  | wrapper  | 2013/05/03 11:05:34 | Current User: danggr  Domain: ICIMSNET
DEBUG  | wrapper  | 2013/05/03 11:05:34 | Operating System ID: Microsoft Windows 7 Professional Service Pack 1 (build 7601), 64-bit
INFO   | wrapper  | 2013/05/03 11:05:34 | 
INFO   | wrapper  | 2013/05/03 11:05:34 | Environment variables (Source | Name=Value) BEGIN:
INFO   | wrapper  | 2013/05/03 11:05:34 |   P---- | _PARAMETERS= 
INFO   | wrapper  | 2013/05/03 11:05:34 |   P---- | _REALPATH=D:\workspace\SeleniumGridService\node\bin\
INFO   | wrapper  | 2013/05/03 11:05:34 |   P---- | _WRAPPER_BASE=wrapper
INFO   | wrapper  | 2013/05/03 11:05:34 |   P---- | _WRAPPER_CONF="../conf/wrapper.conf"
INFO   | wrapper  | 2013/05/03 11:05:34 |   P---- | _WRAPPER_CONF_DEFAULT=../conf/wrapper.conf
INFO   | wrapper  | 2013/05/03 11:05:34 |   P---- | _WRAPPER_EXE=D:\workspace\SeleniumGridService\node\bin\wrapper.exe
INFO   | wrapper  | 2013/05/03 11:05:34 |   P---- | _WRAPPER_L_EXE=D:\workspace\SeleniumGridService\node\bin\wrapper-windows-x86-64.exe
INFO   | wrapper  | 2013/05/03 11:05:34 |   P---- | ALLUSERSPROFILE=C:\ProgramData
INFO   | wrapper  | 2013/05/03 11:05:34 |   P---- | APPDATA=C:\Users\DAnggr\AppData\Roaming
INFO   | wrapper  | 2013/05/03 11:05:34 |   P---- | ChocolateyInstall=C:\Chocolatey
INFO   | wrapper  | 2013/05/03 11:05:34 |   P---- | CommonProgramFiles=C:\Program Files (x86)\Common Files
INFO   | wrapper  | 2013/05/03 11:05:34 |   P---- | CommonProgramFiles(x86)=C:\Program Files (x86)\Common Files
INFO   | wrapper  | 2013/05/03 11:05:34 |   P---- | CommonProgramW6432=C:\Program Files\Common Files
INFO   | wrapper  | 2013/05/03 11:05:34 |   P---- | COMPUTERNAME=ICIMSPC171
INFO   | wrapper  | 2013/05/03 11:05:34 |   P---- | ComSpec=C:\Windows\system32\cmd.exe
INFO   | wrapper  | 2013/05/03 11:05:34 |   P---- | FP_NO_HOST_CHECK=NO
INFO   | wrapper  | 2013/05/03 11:05:34 |   P---- | GIT_SSH=C:\Program Files (x86)\Git\bin\ssh.exe
INFO   | wrapper  | 2013/05/03 11:05:34 |   P---- | HOME=D:\
INFO   | wrapper  | 2013/05/03 11:05:34 |   P---- | HOMEDRIVE=H:
INFO   | wrapper  | 2013/05/03 11:05:34 |   P---- | HOMEPATH=\
INFO   | wrapper  | 2013/05/03 11:05:34 |   P---- | HOMESHARE=\\icims.net\data\users\DAnggr
INFO   | wrapper  | 2013/05/03 11:05:34 |   P---- | JAVA_HOME=d:\common\jdk1.6.0
INFO   | wrapper  | 2013/05/03 11:05:34 |   P---- | JIRA_HOME=D:\jira
INFO   | wrapper  | 2013/05/03 11:05:34 |   P---- | LOCALAPPDATA=C:\Users\DAnggr\AppData\Local
INFO   | wrapper  | 2013/05/03 11:05:34 |   P---- | LOGONSERVER=\\DC2
INFO   | wrapper  | 2013/05/03 11:05:34 |   P---- | MOZ_PLUGIN_PATH=C:\Program Files (x86)\Foxit Software\Foxit Reader\plugins\
INFO   | wrapper  | 2013/05/03 11:05:34 |   P---- | NUMBER_OF_PROCESSORS=8
INFO   | wrapper  | 2013/05/03 11:05:34 |   P---- | OS=Windows_NT
INFO   | wrapper  | 2013/05/03 11:05:34 |   P---- | Path=C:\Windows\system32;C:\Windows;C:\Windows\System32\Wbem;C:\Windows\System32\WindowsPowerShell\v1.0\;d:\common\ant\bin;d:\common\jdk1.6.0\bin;C:\Program Files\TortoiseSVN\bin;C:\Python27;C:\Program Files (x86)\Microsoft SQL Server\100\Tools\Binn\VSShell\Common7\IDE\;C:\Program Files (x86)\Microsoft SQL Server\100\Tools\Binn\;C:\Program Files\Microsoft SQL Server\100\Tools\Binn\;C:\Program Files (x86)\Microsoft SQL Server\100\DTS\Binn\;D:\growl\;D:\selenium;C:\Program Files (x86)\vagrant\vagrant\bin;C:\Program Files\Oracle\VirtualBox;C:\Program Files (x86)\Universal Extractor;C:\Program Files (x86)\Universal Extractor\bin;C:\Program Files\TortoiseGit\bin;C:\Program Files\nodejs\;C:\Program Files (x86)\Git\cmd;C:\Program Files (x86)\Git\bin;D:\common\jdk1.7.0-x64\bin;C:\Chocolatey\bin;C:\Users\DAnggr\AppData\Roaming\npm\
INFO   | wrapper  | 2013/05/03 11:05:34 |   P---- | PATHEXT=.COM;.EXE;.BAT;.CMD;.VBS;.VBE;.JS;.JSE;.WSF;.WSH;.MSC
INFO   | wrapper  | 2013/05/03 11:05:34 |   P---- | PROCESSOR_ARCHITECTURE=x86
INFO   | wrapper  | 2013/05/03 11:05:34 |   P---- | PROCESSOR_ARCHITEW6432=AMD64
INFO   | wrapper  | 2013/05/03 11:05:34 |   P---- | PROCESSOR_IDENTIFIER=Intel64 Family 6 Model 42 Stepping 7, GenuineIntel
INFO   | wrapper  | 2013/05/03 11:05:34 |   P---- | PROCESSOR_LEVEL=6
INFO   | wrapper  | 2013/05/03 11:05:34 |   P---- | PROCESSOR_REVISION=2a07
INFO   | wrapper  | 2013/05/03 11:05:34 |   P---- | ProgramData=C:\ProgramData
INFO   | wrapper  | 2013/05/03 11:05:34 |   P---- | ProgramFiles=C:\Program Files (x86)
INFO   | wrapper  | 2013/05/03 11:05:34 |   P---- | ProgramFiles(x86)=C:\Program Files (x86)
INFO   | wrapper  | 2013/05/03 11:05:34 |   P---- | ProgramW6432=C:\Program Files
INFO   | wrapper  | 2013/05/03 11:05:34 |   P---- | PROMPT=$P$G
INFO   | wrapper  | 2013/05/03 11:05:34 |   P---- | PSModulePath=C:\Windows\system32\WindowsPowerShell\v1.0\Modules\
INFO   | wrapper  | 2013/05/03 11:05:34 |   P---- | PUBLIC=C:\Users\Public
INFO   | wrapper  | 2013/05/03 11:05:34 |   P---- | SESSIONNAME=Console
INFO   | wrapper  | 2013/05/03 11:05:34 |   P---- | SSH_AGENT_PID=5108
INFO   | wrapper  | 2013/05/03 11:05:34 |   P---- | SSH_AUTH_SOCK=/tmp/ssh-qzojfM5068/agent.5068
INFO   | wrapper  | 2013/05/03 11:05:34 |   P---- | STASH_HOME=D:\stash_home
INFO   | wrapper  | 2013/05/03 11:05:34 |   P---- | SystemDrive=C:
INFO   | wrapper  | 2013/05/03 11:05:34 |   P---- | SystemRoot=C:\Windows
INFO   | wrapper  | 2013/05/03 11:05:34 |   P---- | TEMP=C:\Users\DAnggr\AppData\Local\Temp
INFO   | wrapper  | 2013/05/03 11:05:34 |   P---- | TMP=C:\Users\DAnggr\AppData\Local\Temp
INFO   | wrapper  | 2013/05/03 11:05:34 |   P---- | USERDNSDOMAIN=ICIMS.NET
INFO   | wrapper  | 2013/05/03 11:05:34 |   P---- | USERDOMAIN=ICIMSNET
INFO   | wrapper  | 2013/05/03 11:05:34 |   P---- | USERNAME=danggr
INFO   | wrapper  | 2013/05/03 11:05:34 |   P---- | USERPROFILE=C:\Users\DAnggr
INFO   | wrapper  | 2013/05/03 11:05:34 |   P---- | VBOX_INSTALL_PATH=C:\Program Files\Oracle\VirtualBox\
INFO   | wrapper  | 2013/05/03 11:05:34 |   P---- | windir=C:\Windows
INFO   | wrapper  | 2013/05/03 11:05:34 |   ---W- | WRAPPER_ARCH=x86
INFO   | wrapper  | 2013/05/03 11:05:34 |   ---W- | WRAPPER_BIN_DIR=D:\workspace\SeleniumGridService\node\bin
INFO   | wrapper  | 2013/05/03 11:05:34 |   ---W- | WRAPPER_BITS=32
INFO   | wrapper  | 2013/05/03 11:05:34 |   ---W- | WRAPPER_CONF_DIR=D:\workspace\SeleniumGridService\node\conf
INFO   | wrapper  | 2013/05/03 11:05:34 |   ---W- | WRAPPER_FILE_SEPARATOR=\
INFO   | wrapper  | 2013/05/03 11:05:34 |   ---W- | WRAPPER_HOST_NAME=ICIMSPC171
INFO   | wrapper  | 2013/05/03 11:05:34 |   ---W- | WRAPPER_HOSTNAME=ICIMSPC171
INFO   | wrapper  | 2013/05/03 11:05:34 |   P--W- | WRAPPER_INIT_DIR=D:\workspace\SeleniumGridService\node\bin
INFO   | wrapper  | 2013/05/03 11:05:34 |   ---W- | WRAPPER_LANG=en
INFO   | wrapper  | 2013/05/03 11:05:34 |   ---W- | WRAPPER_OS=windows
INFO   | wrapper  | 2013/05/03 11:05:34 |   ---W- | WRAPPER_PATH_SEPARATOR=;
INFO   | wrapper  | 2013/05/03 11:05:34 |   ---W- | WRAPPER_PID=15860
INFO   | wrapper  | 2013/05/03 11:05:34 |   ---W- | WRAPPER_WORKING_DIR=D:\workspace\SeleniumGridService\node\bin
INFO   | wrapper  | 2013/05/03 11:05:34 | Environment variables END:
INFO   | wrapper  | 2013/05/03 11:05:34 | 
DEBUG  | wrapper  | 2013/05/03 11:05:34 | Use tick timer mutex=FALSE
DEBUG  | wrapper  | 2013/05/03 11:05:35 | active log file changed: ..\logs\wrapper.log
DEBUG  | wrapper  | 2013/05/03 11:05:35 | Preparing to restart with mode 1.
DEBUG  | wrapperp | 2013/05/03 11:05:35 | server listening on port 32002.
DEBUG  | wrapper  | 2013/05/03 11:05:35 | Magic number for file C:\Windows\system32\java.exe: 0x4d5a9000
DEBUG  | wrapper  | 2013/05/03 11:05:35 | Ping settings: wrapper.ping.interval=5, wrapper.ping.interval.logged=1, wrapper.ping.timeout=30
STATUS | wrapper  | 2013/05/03 11:05:35 | Launching a JVM...
DEBUG  | wrapper  | 2013/05/03 11:05:35 | Command: "C:\Windows\system32\java.exe" -Djava.library.path="../lib" -classpath "../lib/wrapper.jar;../lib/selenium-server-standalone.jar" -Dwrapper.key="3bfGbLPGpE_X6893" -Dwrapper.port=32002 -Dwrapper.jvm.port.min=31000 -Dwrapper.jvm.port.max=31999 -Dwrapper.debug="TRUE" -Dwrapper.pid=15860 -Dwrapper.version="3.5.15" -Dwrapper.native_library="wrapper" -Dwrapper.cpu.timeout="10" -Dwrapper.jvmid=1 org.tanukisoftware.wrapper.WrapperJarApp ../lib/selenium-server-standalone.jar -role node -port 5656 -nodeConfig ../conf/config.json -hub http://localhost:4646/register -Dwebdriver.chrome.driver ../lib/chromedriver.exe
DEBUG  | wrapper  | 2013/05/03 11:05:36 | JVM started (PID=8320)
INFO   | jvm 1    | 2013/05/03 11:05:36 | WrapperManager Debug: WrapperManager class initialized by thread: main   Using classloader: sun.misc.Launcher$AppClassLoader@136228
INFO   | jvm 1    | 2013/05/03 11:05:36 | WrapperManager: Initializing...
INFO   | jvm 1    | 2013/05/03 11:05:36 | WrapperManager Debug: JVM #1
INFO   | jvm 1    | 2013/05/03 11:05:36 | WrapperManager Debug: Running a 32-bit JVM.
INFO   | jvm 1    | 2013/05/03 11:05:36 | WrapperManager Debug: org.tanukisoftware.wrapper.WrapperManager package information:
INFO   | jvm 1    | 2013/05/03 11:05:36 | WrapperManager Debug:   Implementation Title: org.tanukisoftware.wrapper
INFO   | jvm 1    | 2013/05/03 11:05:36 | WrapperManager Debug:   Implementation Vendor: Tanuki Software, Ltd.
INFO   | jvm 1    | 2013/05/03 11:05:36 | WrapperManager Debug:   Implementation Version: 3.5.15
INFO   | jvm 1    | 2013/05/03 11:05:36 | WrapperManager Debug:   Is Sealed?: False
INFO   | jvm 1    | 2013/05/03 11:05:36 | WrapperManager Debug: org.tanukisoftware.wrapper.WrapperManager protection domain:
INFO   | jvm 1    | 2013/05/03 11:05:36 | WrapperManager Debug:   Location: file:/D:/workspace/SeleniumGridService/node/lib/wrapper.jar
INFO   | jvm 1    | 2013/05/03 11:05:36 | WrapperManager Debug:     Size: 119,430
INFO   | jvm 1    | 2013/05/03 11:05:36 | WrapperManager Debug:     MD5: 2c0a68dc7fc3dec48d62674afafbfeb6
INFO   | jvm 1    | 2013/05/03 11:05:36 | WrapperManager Debug: Registering shutdown hook
INFO   | jvm 1    | 2013/05/03 11:05:36 | WrapperManager Debug: Using wrapper
INFO   | jvm 1    | 2013/05/03 11:05:36 | WrapperManager Debug: Registered MBean with Platform MBean Server: org.tanukisoftware.wrapper:type=WrapperManager
INFO   | jvm 1    | 2013/05/03 11:05:36 | WrapperManager Debug: Load native library.  There are multiple possible file names and the first to be found will be used.  Errors loading non-existing files is normal and is only a problem if they all fail.
INFO   | jvm 1    | 2013/05/03 11:05:36 | WrapperManager Debug:   Attempt to load native library with name: wrapper-windows-x86-32.dll  Result: no wrapper-windows-x86-32 in java.library.path
INFO   | jvm 1    | 2013/05/03 11:05:36 | WrapperManager Debug:   Attempt to load native library with name: wrapper.dll  Result: Success!
INFO   | jvm 1    | 2013/05/03 11:05:36 | WrapperManager Debug:   Successfully loaded native library.
INFO   | jvm 1    | 2013/05/03 11:05:36 | WrapperManager Debug: Loaded localized resources.
INFO   | jvm 1    | 2013/05/03 11:05:36 | WrapperManager Debug: Calling native initialization method.
INFO   | jvm 1    | 2013/05/03 11:05:36 | WrapperJNI Debug: Initializing WrapperManager native library.
INFO   | jvm 1    | 2013/05/03 11:05:36 | WrapperJNI Debug: Java Executable: C:\Windows\SysWOW64\java.exe
INFO   | jvm 1    | 2013/05/03 11:05:36 | WrapperJNI Debug: Native Library: D:\workspace\SeleniumGridService\node\lib\wrapper.dll
INFO   | jvm 1    | 2013/05/03 11:05:36 | WrapperJNI Debug: Windows version: 6.1.7601
INFO   | jvm 1    | 2013/05/03 11:05:36 | WrapperManager Debug: Java Version   : 1.7.0_05-b05 Java HotSpot(TM) Client VM
INFO   | jvm 1    | 2013/05/03 11:05:36 | WrapperManager Debug: Java VM Vendor : Oracle Corporation
INFO   | jvm 1    | 2013/05/03 11:05:36 | WrapperManager Debug: OS Name        : Windows 7
INFO   | jvm 1    | 2013/05/03 11:05:36 | WrapperManager Debug: OS Arch        : x86
INFO   | jvm 1    | 2013/05/03 11:05:36 | WrapperManager Debug: 
INFO   | jvm 1    | 2013/05/03 11:05:36 | WrapperManager Debug: Control event monitor thread started.
INFO   | jvm 1    | 2013/05/03 11:05:36 | WrapperManager Debug: Startup runner thread started.
INFO   | jvm 1    | 2013/05/03 11:05:36 | WrapperJarApp Debug: Jar Main-Class: org.openqa.grid.selenium.GridLauncher
INFO   | jvm 1    | 2013/05/03 11:05:36 | WrapperJarApp Debug: Jar Classpath: Not specified.
INFO   | jvm 1    | 2013/05/03 11:05:36 | WrapperJarApp Debug:     Classpath[0]=file:D:/workspace/SeleniumGridService/node/bin/../lib/selenium-server-standalone.jar
INFO   | jvm 1    | 2013/05/03 11:05:36 | WrapperManager Debug: WrapperManager.start(a org.tanukisoftware.wrapper.WrapperJarApp, args["-role", "node", "-port", "5656", "-nodeConfig", "../conf/config.json", "-hub", "http://localhost:4646/register", "-Dwebdriver.chrome.driver", "../lib/chromedriver.exe"]) called by thread: main
INFO   | jvm 1    | 2013/05/03 11:05:36 | WrapperManager Debug: Initial thread: main Priority: 5
INFO   | jvm 1    | 2013/05/03 11:05:36 | WrapperManager Debug: Communications runner thread started.
INFO   | jvm 1    | 2013/05/03 11:05:36 | WrapperManager Debug: Open socket to wrapper...Wrapper-Connection
INFO   | jvm 1    | 2013/05/03 11:05:36 | WrapperManager Debug: Unable to open socket to Wrapper from port 31,000, already in use.
INFO   | jvm 1    | 2013/05/03 11:05:36 | WrapperManager Debug: Unable to open socket to Wrapper from port 31,001, already in use.
INFO   | jvm 1    | 2013/05/03 11:05:36 | WrapperManager Debug: Opened Socket from 31,002 to 32,002
INFO   | jvm 1    | 2013/05/03 11:05:36 | WrapperManager Debug: Send a packet KEY : 3bfGbLPGpE_X6893
INFO   | jvm 1    | 2013/05/03 11:05:36 | WrapperManager Debug: handleBackend()
DEBUG  | wrapperp | 2013/05/03 11:05:36 | accepted a socket from 127.0.0.1 on port 31002
DEBUG  | wrapperp | 2013/05/03 11:05:36 | closing backend server.
DEBUG  | wrapperp | 2013/05/03 11:05:36 | read a packet KEY : 3bfGbLPGpE_X6893
DEBUG  | wrapper  | 2013/05/03 11:05:36 | Got key from JVM: 3bfGbLPGpE_X6893
DEBUG  | wrapperp | 2013/05/03 11:05:36 | send a packet LOW_LOG_LEVEL : 1
DEBUG  | wrapperp | 2013/05/03 11:05:36 | send a packet LOGFILE : ..\logs\wrapper.log
DEBUG  | wrapperp | 2013/05/03 11:05:36 | send a packet PROPERTIES : (Property Values)
DEBUG  | wrapper  | 2013/05/03 11:05:36 | Start Application.
DEBUG  | wrapperp | 2013/05/03 11:05:36 | send a packet START : start
INFO   | jvm 1    | 2013/05/03 11:05:36 | WrapperManager Debug: Received a packet LOW_LOG_LEVEL : 1
INFO   | jvm 1    | 2013/05/03 11:05:36 | WrapperManager Debug: LowLogLevel from Wrapper is 1
INFO   | jvm 1    | 2013/05/03 11:05:36 | WrapperManager Debug: Received a packet LOGFILE : ..\logs\wrapper.log
INFO   | jvm 1    | 2013/05/03 11:05:36 | WrapperManager Debug: Received a packet PROPERTIES : (Property Values)
INFO   | jvm 1    | 2013/05/03 11:05:36 | WrapperManager Debug: Received a packet START : start
INFO   | jvm 1    | 2013/05/03 11:05:36 | WrapperManager Debug: Java temporary directory: C:\Users\DAnggr\AppData\Local\Temp
INFO   | jvm 1    | 2013/05/03 11:05:36 | WrapperManager Debug: calling WrapperListener.start()
INFO   | jvm 1    | 2013/05/03 11:05:36 | WrapperManager Debug: WrapperListener.start runner thread started.
INFO   | jvm 1    | 2013/05/03 11:05:36 | WrapperManager Debug: Application start main thread: WrapperListener_start_runner Priority: 5
INFO   | jvm 1    | 2013/05/03 11:05:36 | WrapperJarApp Debug: start(args) Will wait up to 2 seconds for the main method to complete.
INFO   | jvm 1    | 2013/05/03 11:05:36 | WrapperJarApp Debug: invoking main method
INFO   | jvm 1    | 2013/05/03 11:05:36 | May 03, 2013 11:05:36 AM org.openqa.grid.selenium.GridLauncher main
INFO   | jvm 1    | 2013/05/03 11:05:36 | INFO: Launching a selenium grid node
INFO   | jvm 1    | 2013/05/03 11:05:37 | poorly formatted Java property setting (I expect to see '=') -Dwebdriver.chrome.driver:
INFO   | jvm 1    | 2013/05/03 11:05:37 | Usage: java -jar selenium-server.jar [-interactive] [options]
INFO   | jvm 1    | 2013/05/03 11:05:37 | 
INFO   | jvm 1    | 2013/05/03 11:05:37 |   -port <nnnn>: the port number the selenium server should use
INFO   | jvm 1    | 2013/05/03 11:05:37 |     (default 4444)
INFO   | jvm 1    | 2013/05/03 11:05:37 |   -timeout <nnnn>: an integer number of seconds we should allow a
INFO   | jvm 1    | 2013/05/03 11:05:37 |     client to be idle
INFO   | jvm 1    | 2013/05/03 11:05:37 |   -browserTimeout <nnnn>: an integer number of seconds a browser is
INFO   | jvm 1    | 2013/05/03 11:05:37 |     allowed to hang
INFO   | jvm 1    | 2013/05/03 11:05:37 |   -interactive: puts you into interactive mode.  See the tutorial for
INFO   | jvm 1    | 2013/05/03 11:05:37 |     more details
INFO   | jvm 1    | 2013/05/03 11:05:37 |   -singleWindow: puts you into a mode where the test web site
INFO   | jvm 1    | 2013/05/03 11:05:37 |     executes in a frame. This mode should only be selected if the
INFO   | jvm 1    | 2013/05/03 11:05:37 |     application under test does not use frames.
INFO   | jvm 1    | 2013/05/03 11:05:37 |   -profilesLocation: Specifies the directory that holds the profiles
INFO   | jvm 1    | 2013/05/03 11:05:37 |     that java clients can use to start up selenium.  Currently
INFO   | jvm 1    | 2013/05/03 11:05:37 |     supported for Firefox only.
INFO   | jvm 1    | 2013/05/03 11:05:37 |   -forcedBrowserMode <browser>: sets the browser mode to a single
INFO   | jvm 1    | 2013/05/03 11:05:37 |     argument (e.g. "*iexplore") for all sessions, no matter what is
INFO   | jvm 1    | 2013/05/03 11:05:37 |     passed to getNewBrowserSession
INFO   | jvm 1    | 2013/05/03 11:05:37 |   -forcedBrowserModeRestOfLine <browser>: sets the browser mode to
INFO   | jvm 1    | 2013/05/03 11:05:37 |     all the remaining tokens on the line (e.g. "*custom
INFO   | jvm 1    | 2013/05/03 11:05:37 |     /some/random/place/iexplore.exe") for all sessions, no matter what
INFO   | jvm 1    | 2013/05/03 11:05:37 |     is passed to getNewBrowserSession
INFO   | jvm 1    | 2013/05/03 11:05:37 |   -userExtensions <file>: indicates a JavaScript file that will be
INFO   | jvm 1    | 2013/05/03 11:05:37 |     loaded into selenium
INFO   | jvm 1    | 2013/05/03 11:05:37 |   -browserSessionReuse: stops re-initialization and spawning of the
INFO   | jvm 1    | 2013/05/03 11:05:37 |     browser between tests
INFO   | jvm 1    | 2013/05/03 11:05:37 |   -avoidProxy: By default, we proxy every browser request; set this
INFO   | jvm 1    | 2013/05/03 11:05:37 |     flag to make the browser use our proxy only for URLs containing
INFO   | jvm 1    | 2013/05/03 11:05:37 |     '/selenium-server'
INFO   | jvm 1    | 2013/05/03 11:05:37 |   -firefoxProfileTemplate <dir>: normally, we generate a fresh empty
INFO   | jvm 1    | 2013/05/03 11:05:37 |     Firefox profile every time we launch.  You can specify a directory
INFO   | jvm 1    | 2013/05/03 11:05:37 |     to make us copy your profile directory instead.
INFO   | jvm 1    | 2013/05/03 11:05:37 |   -debug: puts you into debug mode, with more trace information and
INFO   | jvm 1    | 2013/05/03 11:05:37 |     diagnostics on the console
INFO   | jvm 1    | 2013/05/03 11:05:37 |   -browserSideLog: enables logging on the browser side; logging
INFO   | jvm 1    | 2013/05/03 11:05:37 |     messages will be transmitted to the server.  This can affect
INFO   | jvm 1    | 2013/05/03 11:05:37 |     performance.
INFO   | jvm 1    | 2013/05/03 11:05:37 |   -ensureCleanSession: If the browser does not have user profiles,
INFO   | jvm 1    | 2013/05/03 11:05:37 |     make sure every new session has no artifacts from previous
INFO   | jvm 1    | 2013/05/03 11:05:37 |     sessions.  For example, enabling this option will cause all user
INFO   | jvm 1    | 2013/05/03 11:05:37 |     cookies to be archived before launching IE, and restored after IE
INFO   | jvm 1    | 2013/05/03 11:05:37 |     is closed.
INFO   | jvm 1    | 2013/05/03 11:05:37 |   -trustAllSSLCertificates: Forces the Selenium proxy to trust all
INFO   | jvm 1    | 2013/05/03 11:05:37 |     SSL certificates.  This doesn't work in browsers that don't use the
INFO   | jvm 1    | 2013/05/03 11:05:37 |     Selenium proxy.
INFO   | jvm 1    | 2013/05/03 11:05:37 |   -log <logFileName>: writes lots of debug information out to a log
INFO   | jvm 1    | 2013/05/03 11:05:37 |     file
INFO   | jvm 1    | 2013/05/03 11:05:37 |   -htmlSuite <browser> <startURL> <suiteFile> <resultFile>: Run a
INFO   | jvm 1    | 2013/05/03 11:05:37 |     single HTML Selenese (Selenium Core) suite and then exit
INFO   | jvm 1    | 2013/05/03 11:05:37 |     immediately, using the specified browser (e.g. "*firefox") on the
INFO   | jvm 1    | 2013/05/03 11:05:37 |     specified URL (e.g. "http://www.google.com").  You need to specify
INFO   | jvm 1    | 2013/05/03 11:05:37 |     the absolute path to the HTML test suite as well as the path to the
INFO   | jvm 1    | 2013/05/03 11:05:37 |     HTML results file we'll generate.
INFO   | jvm 1    | 2013/05/03 11:05:37 |   -proxyInjectionMode: puts you into proxy injection mode, a mode
INFO   | jvm 1    | 2013/05/03 11:05:37 |     where the selenium server acts as a proxy server for all content
INFO   | jvm 1    | 2013/05/03 11:05:37 |     going to the test application.  Under this mode, multiple domains
INFO   | jvm 1    | 2013/05/03 11:05:37 |     can be visited, and the following additional flags are supported:
INFO   | jvm 1    | 2013/05/03 11:05:37 | 
INFO   | jvm 1    | 2013/05/03 11:05:37 |     -dontInjectRegex <regex>: an optional regular expression that
INFO   | jvm 1    | 2013/05/03 11:05:37 |       proxy injection mode can use to know when to bypss injection
INFO   | jvm 1    | 2013/05/03 11:05:37 |     -userJsInjection <file>: specifies a JavaScript file which will
INFO   | jvm 1    | 2013/05/03 11:05:37 |       then be injected into all pages
INFO   | jvm 1    | 2013/05/03 11:05:37 |     -userContentTransformation <regex> <replacement>: a regular
INFO   | jvm 1    | 2013/05/03 11:05:37 |       expression which is matched against all test HTML content; the
INFO   | jvm 1    | 2013/05/03 11:05:37 |       second is a string which will replace matches.  These flags can
INFO   | jvm 1    | 2013/05/03 11:05:37 |       be used any number of times.  A simple example of how this could
INFO   | jvm 1    | 2013/05/03 11:05:37 |       be useful: if you add "-userContentTransformation https http"
INFO   | jvm 1    | 2013/05/03 11:05:37 |       then all "https" strings in the HTML of the test application will
INFO   | jvm 1    | 2013/05/03 11:05:37 |       be changed to be "http".
INFO   | jvm 1    | 2013/05/03 11:05:37 | WrapperManager Debug: ShutdownHook started
INFO   | jvm 1    | 2013/05/03 11:05:37 | WrapperManager Debug: WrapperManager.stop(0) called by thread: Wrapper-Shutdown-Hook
INFO   | jvm 1    | 2013/05/03 11:05:37 | WrapperManager Debug: Send a packet STOP : 0
INFO   | jvm 1    | 2013/05/03 11:05:37 | WrapperManager Debug: Startup runner thread stopped.
INFO   | jvm 1    | 2013/05/03 11:05:37 | WrapperManager Debug: Stopped checking for control events.
INFO   | jvm 1    | 2013/05/03 11:05:37 | WrapperManager Debug: Pausing for 1,000ms to allow a clean shutdown...
DEBUG  | wrapperp | 2013/05/03 11:05:37 | read a packet STOP : 0
DEBUG  | wrapper  | 2013/05/03 11:05:37 | JVM requested a shutdown. (0)
DEBUG  | wrapper  | 2013/05/03 11:05:37 | wrapperStopProcess(0, FALSE) called.
DEBUG  | wrapper  | 2013/05/03 11:05:37 | Sending stop signal to JVM
DEBUG  | wrapperp | 2013/05/03 11:05:37 | send a packet STOP : NULL
INFO   | jvm 1    | 2013/05/03 11:05:37 | WrapperManager Debug: Received a packet STOP : 
INFO   | jvm 1    | 2013/05/03 11:05:37 | WrapperManager Debug: Send a packet START_PENDING : 5000
DEBUG  | wrapperp | 2013/05/03 11:05:37 | read a packet START_PENDING : 5000
DEBUG  | wrapper  | 2013/05/03 11:05:37 | JVM signaled a start pending with waitHint of 5000 millis.
INFO   | jvm 1    | 2013/05/03 11:05:38 | WrapperManager Debug: Thread, Wrapper-Shutdown-Hook, handling the shutdown process.
INFO   | jvm 1    | 2013/05/03 11:05:38 | WrapperManager Debug: shutdownJVM(0) Thread: Wrapper-Shutdown-Hook
INFO   | jvm 1    | 2013/05/03 11:05:38 | WrapperManager Debug: wait for 0 shutdown locks to be released.
INFO   | jvm 1    | 2013/05/03 11:05:38 | WrapperManager Debug: Send a packet STOPPED : 0
DEBUG  | wrapperp | 2013/05/03 11:05:38 | read a packet STOPPED : 0
DEBUG  | wrapper  | 2013/05/03 11:05:38 | JVM signaled that it was stopped.
INFO   | jvm 1    | 2013/05/03 11:05:38 | WrapperManager Debug: Closing backend connection.
INFO   | jvm 1    | 2013/05/03 11:05:38 | WrapperManager Debug: Closed backend socket (Normal): java.net.SocketException: socket closed
INFO   | jvm 1    | 2013/05/03 11:05:38 | WrapperManager Debug: Returned from backend handler.
DEBUG  | wrapperp | 2013/05/03 11:05:38 | socket read no code (closed?).
DEBUG  | wrapperp | 2013/05/03 11:05:38 | Closing backend socket.
INFO   | jvm 1    | 2013/05/03 11:05:38 | WrapperManager Debug: ShutdownHook complete
INFO   | jvm 1    | 2013/05/03 11:05:38 | WrapperManager Debug: Backend not connected, not sending packet START_PENDING : 5000
DEBUG  | wrapper  | 2013/05/03 11:05:38 | JVM process exited with a code of 1, setting the wrapper exit code to 1.
DEBUG  | wrapper  | 2013/05/03 11:05:38 | JVM exited normally.
STATUS | wrapper  | 2013/05/03 11:05:39 | <-- Wrapper Stopped
STATUS | wrapper  | 2013/05/03 11:09:31 | --> Wrapper Started as Console
STATUS | wrapper  | 2013/05/03 11:09:31 | Java Service Wrapper Community Edition 32-bit 3.5.15
STATUS | wrapper  | 2013/05/03 11:09:31 |   Copyright (C) 1999-2012 Tanuki Software, Ltd. All Rights Reserved.
STATUS | wrapper  | 2013/05/03 11:09:31 |     http://wrapper.tanukisoftware.com
STATUS | wrapper  | 2013/05/03 11:09:31 | 
DEBUG  | wrapper  | 2013/05/03 11:09:31 | Launching Startup thread.
DEBUG  | wrapper  | 2013/05/03 11:09:31 | Startup thread started.
DEBUG  | wrapper  | 2013/05/03 11:09:31 | Attempting to verify the binary signature.
DEBUG  | wrapper  | 2013/05/03 11:09:31 | The file "D:\workspace\SeleniumGridService\node\bin\wrapper.exe" is signed and the signature was verified.
DEBUG  | wrapper  | 2013/05/03 11:09:31 |   Signer Certificate:
DEBUG  | wrapper  | 2013/05/03 11:09:31 |     Serial Number: 
DEBUG  | wrapper  | 2013/05/03 11:09:31 |       00 97 06 fe b5 6e 56 cc cb 66 3a bb 55 a7 a0 e4 76 
DEBUG  | wrapper  | 2013/05/03 11:09:31 |     Issuer Name: UTN-USERFirst-Object
DEBUG  | wrapper  | 2013/05/03 11:09:31 |     Subject Name: Tanuki Software Ltd.
DEBUG  | wrapper  | 2013/05/03 11:09:31 |   TimeStamp Certificate:
DEBUG  | wrapper  | 2013/05/03 11:09:31 |     Serial Number: 
DEBUG  | wrapper  | 2013/05/03 11:09:31 |       47 8a 8e fb 59 e1 d8 3f 0c e1 42 d2 a2 87 07 be 
DEBUG  | wrapper  | 2013/05/03 11:09:31 |     Issuer Name: UTN-USERFirst-Object
DEBUG  | wrapper  | 2013/05/03 11:09:31 |     Subject Name: COMODO Time Stamping Signer
DEBUG  | wrapper  | 2013/05/03 11:09:31 | 
DEBUG  | wrapper  | 2013/05/03 11:09:31 | Startup thread stopped.
DEBUG  | wrapper  | 2013/05/03 11:09:31 | Release time: 2012/06/20 00:00:00
DEBUG  | wrapper  | 2013/05/03 11:09:31 | Build time:   2012/06/20 17:50:00
DEBUG  | wrapper  | 2013/05/03 11:09:31 | Timezone:     Eastern Standard Time (Eastern Daylight Time) Offset: 18000, hasDaylight: 1
DEBUG  | wrapper  | 2013/05/03 11:09:31 | Using tick timer.
DEBUG  | wrapper  | 2013/05/03 11:09:31 | Current User: danggr  Domain: ICIMSNET
DEBUG  | wrapper  | 2013/05/03 11:09:31 | Operating System ID: Microsoft Windows 7 Professional Service Pack 1 (build 7601), 64-bit
INFO   | wrapper  | 2013/05/03 11:09:31 | 
INFO   | wrapper  | 2013/05/03 11:09:31 | Environment variables (Source | Name=Value) BEGIN:
INFO   | wrapper  | 2013/05/03 11:09:31 |   P---- | _PARAMETERS= 
INFO   | wrapper  | 2013/05/03 11:09:31 |   P---- | _REALPATH=D:\workspace\SeleniumGridService\node\bin\
INFO   | wrapper  | 2013/05/03 11:09:31 |   P---- | _WRAPPER_BASE=wrapper
INFO   | wrapper  | 2013/05/03 11:09:31 |   P---- | _WRAPPER_CONF="../conf/wrapper.conf"
INFO   | wrapper  | 2013/05/03 11:09:31 |   P---- | _WRAPPER_CONF_DEFAULT=../conf/wrapper.conf
INFO   | wrapper  | 2013/05/03 11:09:31 |   P---- | _WRAPPER_EXE=D:\workspace\SeleniumGridService\node\bin\wrapper.exe
INFO   | wrapper  | 2013/05/03 11:09:31 |   P---- | _WRAPPER_L_EXE=D:\workspace\SeleniumGridService\node\bin\wrapper-windows-x86-64.exe
INFO   | wrapper  | 2013/05/03 11:09:31 |   P---- | ALLUSERSPROFILE=C:\ProgramData
INFO   | wrapper  | 2013/05/03 11:09:31 |   P---- | APPDATA=C:\Users\DAnggr\AppData\Roaming
INFO   | wrapper  | 2013/05/03 11:09:31 |   P---- | ChocolateyInstall=C:\Chocolatey
INFO   | wrapper  | 2013/05/03 11:09:31 |   P---- | CommonProgramFiles=C:\Program Files (x86)\Common Files
INFO   | wrapper  | 2013/05/03 11:09:31 |   P---- | CommonProgramFiles(x86)=C:\Program Files (x86)\Common Files
INFO   | wrapper  | 2013/05/03 11:09:31 |   P---- | CommonProgramW6432=C:\Program Files\Common Files
INFO   | wrapper  | 2013/05/03 11:09:31 |   P---- | COMPUTERNAME=ICIMSPC171
INFO   | wrapper  | 2013/05/03 11:09:31 |   P---- | ComSpec=C:\Windows\system32\cmd.exe
INFO   | wrapper  | 2013/05/03 11:09:31 |   P---- | FP_NO_HOST_CHECK=NO
INFO   | wrapper  | 2013/05/03 11:09:31 |   P---- | GIT_SSH=C:\Program Files (x86)\Git\bin\ssh.exe
INFO   | wrapper  | 2013/05/03 11:09:31 |   P---- | HOME=D:\
INFO   | wrapper  | 2013/05/03 11:09:31 |   P---- | HOMEDRIVE=H:
INFO   | wrapper  | 2013/05/03 11:09:31 |   P---- | HOMEPATH=\
INFO   | wrapper  | 2013/05/03 11:09:31 |   P---- | HOMESHARE=\\icims.net\data\users\DAnggr
INFO   | wrapper  | 2013/05/03 11:09:31 |   P---- | JAVA_HOME=d:\common\jdk1.6.0
INFO   | wrapper  | 2013/05/03 11:09:31 |   P---- | JIRA_HOME=D:\jira
INFO   | wrapper  | 2013/05/03 11:09:32 |   P---- | LOCALAPPDATA=C:\Users\DAnggr\AppData\Local
INFO   | wrapper  | 2013/05/03 11:09:32 |   P---- | LOGONSERVER=\\DC2
INFO   | wrapper  | 2013/05/03 11:09:32 |   P---- | MOZ_PLUGIN_PATH=C:\Program Files (x86)\Foxit Software\Foxit Reader\plugins\
INFO   | wrapper  | 2013/05/03 11:09:32 |   P---- | NUMBER_OF_PROCESSORS=8
INFO   | wrapper  | 2013/05/03 11:09:32 |   P---- | OS=Windows_NT
INFO   | wrapper  | 2013/05/03 11:09:32 |   P---- | Path=C:\Windows\system32;C:\Windows;C:\Windows\System32\Wbem;C:\Windows\System32\WindowsPowerShell\v1.0\;d:\common\ant\bin;d:\common\jdk1.6.0\bin;C:\Program Files\TortoiseSVN\bin;C:\Python27;C:\Program Files (x86)\Microsoft SQL Server\100\Tools\Binn\VSShell\Common7\IDE\;C:\Program Files (x86)\Microsoft SQL Server\100\Tools\Binn\;C:\Program Files\Microsoft SQL Server\100\Tools\Binn\;C:\Program Files (x86)\Microsoft SQL Server\100\DTS\Binn\;D:\growl\;D:\selenium;C:\Program Files (x86)\vagrant\vagrant\bin;C:\Program Files\Oracle\VirtualBox;C:\Program Files (x86)\Universal Extractor;C:\Program Files (x86)\Universal Extractor\bin;C:\Program Files\TortoiseGit\bin;C:\Program Files\nodejs\;C:\Program Files (x86)\Git\cmd;C:\Program Files (x86)\Git\bin;D:\common\jdk1.7.0-x64\bin;C:\Chocolatey\bin;C:\Users\DAnggr\AppData\Roaming\npm\
INFO   | wrapper  | 2013/05/03 11:09:32 |   P---- | PATHEXT=.COM;.EXE;.BAT;.CMD;.VBS;.VBE;.JS;.JSE;.WSF;.WSH;.MSC
INFO   | wrapper  | 2013/05/03 11:09:32 |   P---- | PROCESSOR_ARCHITECTURE=x86
INFO   | wrapper  | 2013/05/03 11:09:32 |   P---- | PROCESSOR_ARCHITEW6432=AMD64
INFO   | wrapper  | 2013/05/03 11:09:32 |   P---- | PROCESSOR_IDENTIFIER=Intel64 Family 6 Model 42 Stepping 7, GenuineIntel
INFO   | wrapper  | 2013/05/03 11:09:32 |   P---- | PROCESSOR_LEVEL=6
INFO   | wrapper  | 2013/05/03 11:09:32 |   P---- | PROCESSOR_REVISION=2a07
INFO   | wrapper  | 2013/05/03 11:09:32 |   P---- | ProgramData=C:\ProgramData
INFO   | wrapper  | 2013/05/03 11:09:32 |   P---- | ProgramFiles=C:\Program Files (x86)
INFO   | wrapper  | 2013/05/03 11:09:32 |   P---- | ProgramFiles(x86)=C:\Program Files (x86)
INFO   | wrapper  | 2013/05/03 11:09:32 |   P---- | ProgramW6432=C:\Program Files
INFO   | wrapper  | 2013/05/03 11:09:32 |   P---- | PROMPT=$P$G
INFO   | wrapper  | 2013/05/03 11:09:32 |   P---- | PSModulePath=C:\Windows\system32\WindowsPowerShell\v1.0\Modules\
INFO   | wrapper  | 2013/05/03 11:09:32 |   P---- | PUBLIC=C:\Users\Public
INFO   | wrapper  | 2013/05/03 11:09:32 |   P---- | SESSIONNAME=Console
INFO   | wrapper  | 2013/05/03 11:09:32 |   P---- | SSH_AGENT_PID=5108
INFO   | wrapper  | 2013/05/03 11:09:32 |   P---- | SSH_AUTH_SOCK=/tmp/ssh-qzojfM5068/agent.5068
INFO   | wrapper  | 2013/05/03 11:09:32 |   P---- | STASH_HOME=D:\stash_home
INFO   | wrapper  | 2013/05/03 11:09:32 |   P---- | SystemDrive=C:
INFO   | wrapper  | 2013/05/03 11:09:32 |   P---- | SystemRoot=C:\Windows
INFO   | wrapper  | 2013/05/03 11:09:32 |   P---- | TEMP=C:\Users\DAnggr\AppData\Local\Temp
INFO   | wrapper  | 2013/05/03 11:09:32 |   P---- | TMP=C:\Users\DAnggr\AppData\Local\Temp
INFO   | wrapper  | 2013/05/03 11:09:32 |   P---- | USERDNSDOMAIN=ICIMS.NET
INFO   | wrapper  | 2013/05/03 11:09:32 |   P---- | USERDOMAIN=ICIMSNET
INFO   | wrapper  | 2013/05/03 11:09:32 |   P---- | USERNAME=danggr
INFO   | wrapper  | 2013/05/03 11:09:32 |   P---- | USERPROFILE=C:\Users\DAnggr
INFO   | wrapper  | 2013/05/03 11:09:32 |   P---- | VBOX_INSTALL_PATH=C:\Program Files\Oracle\VirtualBox\
INFO   | wrapper  | 2013/05/03 11:09:32 |   P---- | windir=C:\Windows
INFO   | wrapper  | 2013/05/03 11:09:32 |   ---W- | WRAPPER_ARCH=x86
INFO   | wrapper  | 2013/05/03 11:09:32 |   ---W- | WRAPPER_BIN_DIR=D:\workspace\SeleniumGridService\node\bin
INFO   | wrapper  | 2013/05/03 11:09:32 |   ---W- | WRAPPER_BITS=32
INFO   | wrapper  | 2013/05/03 11:09:32 |   ---W- | WRAPPER_CONF_DIR=D:\workspace\SeleniumGridService\node\conf
INFO   | wrapper  | 2013/05/03 11:09:32 |   ---W- | WRAPPER_FILE_SEPARATOR=\
INFO   | wrapper  | 2013/05/03 11:09:32 |   ---W- | WRAPPER_HOST_NAME=ICIMSPC171
INFO   | wrapper  | 2013/05/03 11:09:32 |   ---W- | WRAPPER_HOSTNAME=ICIMSPC171
INFO   | wrapper  | 2013/05/03 11:09:32 |   P--W- | WRAPPER_INIT_DIR=D:\workspace\SeleniumGridService\node\bin
INFO   | wrapper  | 2013/05/03 11:09:32 |   ---W- | WRAPPER_LANG=en
INFO   | wrapper  | 2013/05/03 11:09:32 |   ---W- | WRAPPER_OS=windows
INFO   | wrapper  | 2013/05/03 11:09:32 |   ---W- | WRAPPER_PATH_SEPARATOR=;
INFO   | wrapper  | 2013/05/03 11:09:32 |   ---W- | WRAPPER_PID=16060
INFO   | wrapper  | 2013/05/03 11:09:32 |   ---W- | WRAPPER_WORKING_DIR=D:\workspace\SeleniumGridService\node\bin
INFO   | wrapper  | 2013/05/03 11:09:32 | Environment variables END:
INFO   | wrapper  | 2013/05/03 11:09:32 | 
DEBUG  | wrapper  | 2013/05/03 11:09:32 | Use tick timer mutex=FALSE
DEBUG  | wrapper  | 2013/05/03 11:09:32 | active log file changed: ..\logs\wrapper.log
DEBUG  | wrapper  | 2013/05/03 11:09:32 | Preparing to restart with mode 1.
DEBUG  | wrapperp | 2013/05/03 11:09:32 | server listening on port 32002.
DEBUG  | wrapper  | 2013/05/03 11:09:32 | Magic number for file C:\Windows\system32\java.exe: 0x4d5a9000
WARN   | wrapper  | 2013/05/03 11:09:32 | The value of property 'wrapper.java.additional.2', '../lib/chromedriver.exe' is not a valid argument to the JVM.  Skipping.
DEBUG  | wrapper  | 2013/05/03 11:09:32 | Ping settings: wrapper.ping.interval=5, wrapper.ping.interval.logged=1, wrapper.ping.timeout=30
STATUS | wrapper  | 2013/05/03 11:09:32 | Launching a JVM...
DEBUG  | wrapper  | 2013/05/03 11:09:32 | Command: "C:\Windows\system32\java.exe" -Dwebdriver.chrome.driver -Djava.library.path="../lib" -classpath "../lib/wrapper.jar;../lib/selenium-server-standalone.jar" -Dwrapper.key="4WsJN9kvQbWgePGt" -Dwrapper.port=32002 -Dwrapper.jvm.port.min=31000 -Dwrapper.jvm.port.max=31999 -Dwrapper.debug="TRUE" -Dwrapper.pid=16060 -Dwrapper.version="3.5.15" -Dwrapper.native_library="wrapper" -Dwrapper.cpu.timeout="10" -Dwrapper.jvmid=1 org.tanukisoftware.wrapper.WrapperJarApp ../lib/selenium-server-standalone.jar -role node -port 5656 -nodeConfig ../conf/config.json -hub http://localhost:4646/register
DEBUG  | wrapper  | 2013/05/03 11:09:32 | JVM started (PID=15152)
INFO   | jvm 1    | 2013/05/03 11:09:32 | WrapperManager Debug: WrapperManager class initialized by thread: main   Using classloader: sun.misc.Launcher$AppClassLoader@913750
INFO   | jvm 1    | 2013/05/03 11:09:32 | WrapperManager: Initializing...
INFO   | jvm 1    | 2013/05/03 11:09:32 | WrapperManager Debug: JVM #1
INFO   | jvm 1    | 2013/05/03 11:09:32 | WrapperManager Debug: Running a 32-bit JVM.
INFO   | jvm 1    | 2013/05/03 11:09:32 | WrapperManager Debug: org.tanukisoftware.wrapper.WrapperManager package information:
INFO   | jvm 1    | 2013/05/03 11:09:32 | WrapperManager Debug:   Implementation Title: org.tanukisoftware.wrapper
INFO   | jvm 1    | 2013/05/03 11:09:32 | WrapperManager Debug:   Implementation Vendor: Tanuki Software, Ltd.
INFO   | jvm 1    | 2013/05/03 11:09:32 | WrapperManager Debug:   Implementation Version: 3.5.15
INFO   | jvm 1    | 2013/05/03 11:09:32 | WrapperManager Debug:   Is Sealed?: False
INFO   | jvm 1    | 2013/05/03 11:09:32 | WrapperManager Debug: org.tanukisoftware.wrapper.WrapperManager protection domain:
INFO   | jvm 1    | 2013/05/03 11:09:32 | WrapperManager Debug:   Location: file:/D:/workspace/SeleniumGridService/node/lib/wrapper.jar
INFO   | jvm 1    | 2013/05/03 11:09:32 | WrapperManager Debug:     Size: 119,430
INFO   | jvm 1    | 2013/05/03 11:09:32 | WrapperManager Debug:     MD5: 2c0a68dc7fc3dec48d62674afafbfeb6
INFO   | jvm 1    | 2013/05/03 11:09:32 | WrapperManager Debug: Registering shutdown hook
INFO   | jvm 1    | 2013/05/03 11:09:32 | WrapperManager Debug: Using wrapper
INFO   | jvm 1    | 2013/05/03 11:09:32 | WrapperManager Debug: Registered MBean with Platform MBean Server: org.tanukisoftware.wrapper:type=WrapperManager
INFO   | jvm 1    | 2013/05/03 11:09:32 | WrapperManager Debug: Load native library.  There are multiple possible file names and the first to be found will be used.  Errors loading non-existing files is normal and is only a problem if they all fail.
INFO   | jvm 1    | 2013/05/03 11:09:32 | WrapperManager Debug:   Attempt to load native library with name: wrapper-windows-x86-32.dll  Result: no wrapper-windows-x86-32 in java.library.path
INFO   | jvm 1    | 2013/05/03 11:09:32 | WrapperManager Debug:   Attempt to load native library with name: wrapper.dll  Result: Success!
INFO   | jvm 1    | 2013/05/03 11:09:32 | WrapperManager Debug:   Successfully loaded native library.
INFO   | jvm 1    | 2013/05/03 11:09:32 | WrapperManager Debug: Loaded localized resources.
INFO   | jvm 1    | 2013/05/03 11:09:32 | WrapperManager Debug: Calling native initialization method.
INFO   | jvm 1    | 2013/05/03 11:09:32 | WrapperJNI Debug: Initializing WrapperManager native library.
INFO   | jvm 1    | 2013/05/03 11:09:32 | WrapperJNI Debug: Java Executable: C:\Windows\SysWOW64\java.exe
INFO   | jvm 1    | 2013/05/03 11:09:32 | WrapperJNI Debug: Native Library: D:\workspace\SeleniumGridService\node\lib\wrapper.dll
INFO   | jvm 1    | 2013/05/03 11:09:32 | WrapperJNI Debug: Windows version: 6.1.7601
INFO   | jvm 1    | 2013/05/03 11:09:32 | WrapperManager Debug: Java Version   : 1.7.0_05-b05 Java HotSpot(TM) Client VM
INFO   | jvm 1    | 2013/05/03 11:09:32 | WrapperManager Debug: Java VM Vendor : Oracle Corporation
INFO   | jvm 1    | 2013/05/03 11:09:32 | WrapperManager Debug: OS Name        : Windows 7
INFO   | jvm 1    | 2013/05/03 11:09:32 | WrapperManager Debug: OS Arch        : x86
INFO   | jvm 1    | 2013/05/03 11:09:32 | WrapperManager Debug: 
INFO   | jvm 1    | 2013/05/03 11:09:32 | WrapperManager Debug: Control event monitor thread started.
INFO   | jvm 1    | 2013/05/03 11:09:32 | WrapperManager Debug: Startup runner thread started.
INFO   | jvm 1    | 2013/05/03 11:09:32 | WrapperJarApp Debug: Jar Main-Class: org.openqa.grid.selenium.GridLauncher
INFO   | jvm 1    | 2013/05/03 11:09:32 | WrapperJarApp Debug: Jar Classpath: Not specified.
INFO   | jvm 1    | 2013/05/03 11:09:32 | WrapperJarApp Debug:     Classpath[0]=file:D:/workspace/SeleniumGridService/node/bin/../lib/selenium-server-standalone.jar
INFO   | jvm 1    | 2013/05/03 11:09:32 | WrapperManager Debug: WrapperManager.start(a org.tanukisoftware.wrapper.WrapperJarApp, args["-role", "node", "-port", "5656", "-nodeConfig", "../conf/config.json", "-hub", "http://localhost:4646/register"]) called by thread: main
INFO   | jvm 1    | 2013/05/03 11:09:32 | WrapperManager Debug: Initial thread: main Priority: 5
INFO   | jvm 1    | 2013/05/03 11:09:32 | WrapperManager Debug: Communications runner thread started.
INFO   | jvm 1    | 2013/05/03 11:09:32 | WrapperManager Debug: Open socket to wrapper...Wrapper-Connection
INFO   | jvm 1    | 2013/05/03 11:09:32 | WrapperManager Debug: Unable to open socket to Wrapper from port 31,000, already in use.
INFO   | jvm 1    | 2013/05/03 11:09:32 | WrapperManager Debug: Unable to open socket to Wrapper from port 31,001, already in use.
INFO   | jvm 1    | 2013/05/03 11:09:32 | WrapperManager Debug: Opened Socket from 31,002 to 32,002
INFO   | jvm 1    | 2013/05/03 11:09:32 | WrapperManager Debug: Send a packet KEY : 4WsJN9kvQbWgePGt
INFO   | jvm 1    | 2013/05/03 11:09:32 | WrapperManager Debug: handleBackend()
DEBUG  | wrapperp | 2013/05/03 11:09:32 | accepted a socket from 127.0.0.1 on port 31002
DEBUG  | wrapperp | 2013/05/03 11:09:32 | closing backend server.
DEBUG  | wrapperp | 2013/05/03 11:09:32 | read a packet KEY : 4WsJN9kvQbWgePGt
DEBUG  | wrapper  | 2013/05/03 11:09:32 | Got key from JVM: 4WsJN9kvQbWgePGt
DEBUG  | wrapperp | 2013/05/03 11:09:32 | send a packet LOW_LOG_LEVEL : 1
DEBUG  | wrapperp | 2013/05/03 11:09:32 | send a packet LOGFILE : ..\logs\wrapper.log
DEBUG  | wrapperp | 2013/05/03 11:09:32 | send a packet PROPERTIES : (Property Values)
DEBUG  | wrapper  | 2013/05/03 11:09:32 | Start Application.
DEBUG  | wrapperp | 2013/05/03 11:09:32 | send a packet START : start
INFO   | jvm 1    | 2013/05/03 11:09:32 | WrapperManager Debug: Received a packet LOW_LOG_LEVEL : 1
INFO   | jvm 1    | 2013/05/03 11:09:32 | WrapperManager Debug: LowLogLevel from Wrapper is 1
INFO   | jvm 1    | 2013/05/03 11:09:32 | WrapperManager Debug: Received a packet LOGFILE : ..\logs\wrapper.log
INFO   | jvm 1    | 2013/05/03 11:09:32 | WrapperManager Debug: Received a packet PROPERTIES : (Property Values)
INFO   | jvm 1    | 2013/05/03 11:09:32 | WrapperManager Debug: Received a packet START : start
INFO   | jvm 1    | 2013/05/03 11:09:32 | WrapperManager Debug: Java temporary directory: C:\Users\DAnggr\AppData\Local\Temp
INFO   | jvm 1    | 2013/05/03 11:09:32 | WrapperManager Debug: calling WrapperListener.start()
INFO   | jvm 1    | 2013/05/03 11:09:32 | WrapperManager Debug: WrapperListener.start runner thread started.
INFO   | jvm 1    | 2013/05/03 11:09:32 | WrapperManager Debug: Application start main thread: WrapperListener_start_runner Priority: 5
INFO   | jvm 1    | 2013/05/03 11:09:32 | WrapperJarApp Debug: start(args) Will wait up to 2 seconds for the main method to complete.
INFO   | jvm 1    | 2013/05/03 11:09:32 | WrapperJarApp Debug: invoking main method
INFO   | jvm 1    | 2013/05/03 11:09:32 | May 03, 2013 11:09:32 AM org.openqa.grid.selenium.GridLauncher main
INFO   | jvm 1    | 2013/05/03 11:09:32 | INFO: Launching a selenium grid node
INFO   | jvm 1    | 2013/05/03 11:09:33 | 11:09:33.176 INFO - Java: Oracle Corporation 23.1-b03
INFO   | jvm 1    | 2013/05/03 11:09:33 | 11:09:33.177 INFO - OS: Windows 7 6.1 x86
INFO   | jvm 1    | 2013/05/03 11:09:33 | 11:09:33.180 INFO - v2.31.0, with Core v2.31.0. Built from revision 1bd294d
INFO   | jvm 1    | 2013/05/03 11:09:33 | 11:09:33.248 INFO - RemoteWebDriver instances should connect to: http://127.0.0.1:5656/wd/hub
INFO   | jvm 1    | 2013/05/03 11:09:33 | 11:09:33.249 INFO - Version Jetty/5.1.x
INFO   | jvm 1    | 2013/05/03 11:09:33 | 11:09:33.250 INFO - Started HttpContext[/selenium-server/driver,/selenium-server/driver]
INFO   | jvm 1    | 2013/05/03 11:09:33 | 11:09:33.250 INFO - Started HttpContext[/selenium-server,/selenium-server]
INFO   | jvm 1    | 2013/05/03 11:09:33 | 11:09:33.250 INFO - Started HttpContext[/,/]
INFO   | jvm 1    | 2013/05/03 11:09:33 | 11:09:33.251 INFO - Started org.openqa.jetty.jetty.servlet.ServletHandler@cc0376
INFO   | jvm 1    | 2013/05/03 11:09:33 | 11:09:33.251 INFO - Started HttpContext[/wd,/wd]
INFO   | jvm 1    | 2013/05/03 11:09:33 | 11:09:33.254 INFO - Started SocketListener on 0.0.0.0:5656
INFO   | jvm 1    | 2013/05/03 11:09:33 | 11:09:33.254 INFO - Started org.openqa.jetty.jetty.Server@be6d81
INFO   | jvm 1    | 2013/05/03 11:09:33 | 11:09:33.255 INFO - using the json request : {"class":"org.openqa.grid.common.RegistrationRequest","capabilities":[{"platform":"VISTA","firefox_binary":"d:\\common\\firefox16\\firefox.exe","browserName":"firefox","maxInstances":2,"version":"16"},{"platform":"VISTA","firefox_binary":"d:\\common\\firefox\\firefox18\\firefox.exe","browserName":"firefox","maxInstances":2,"version":"18"},{"platform":"VISTA","browserName":"chrome","maxInstances":2}],"configuration":{"port":5656,"nodeConfig":"../conf/config.json","host":"10.50.12.48","cleanUpCycle":5000,"hubHost":"localhost","registerCycle":5000,"hub":"http://localhost:4646/register","url":"http://10.50.12.48:5656","remoteHost":"http://10.50.12.48:5656","register":true,"proxy":"org.openqa.grid.selenium.proxy.WebDriverRemoteProxy","maxSession":5,"role":"node","hubPort":4646,"timeout":240000}}
INFO   | jvm 1    | 2013/05/03 11:09:33 | WrapperJarApp Debug: main method completed
INFO   | jvm 1    | 2013/05/03 11:09:33 | 11:09:33.255 INFO - starting auto register thread. Will try to register every 5000 ms.
INFO   | jvm 1    | 2013/05/03 11:09:33 | 11:09:33.255 INFO - Registering the node to hub :http://localhost:4646/grid/register
INFO   | jvm 1    | 2013/05/03 11:09:33 | WrapperJarApp Debug: start(args) end.  Main Completed=true, exitCode=null
INFO   | jvm 1    | 2013/05/03 11:09:33 | WrapperManager Debug: returned from WrapperListener.start()
INFO   | jvm 1    | 2013/05/03 11:09:33 | WrapperManager Debug: Send a packet STARTED : 
INFO   | jvm 1    | 2013/05/03 11:09:33 | WrapperManager Debug: WrapperListener.start runner thread stopped.
INFO   | jvm 1    | 2013/05/03 11:09:33 | WrapperManager Debug: Startup runner thread stopped.
DEBUG  | wrapperp | 2013/05/03 11:09:33 | read a packet STARTED : 
DEBUG  | wrapper  | 2013/05/03 11:09:33 | JVM signaled that it was started.
DEBUG  | wrapperp | 2013/05/03 11:09:36 | send a packet PING : ping
INFO   | jvm 1    | 2013/05/03 11:09:36 | WrapperManager Debug: Received a packet PING : ping
INFO   | jvm 1    | 2013/05/03 11:09:36 | WrapperManager Debug: Send a packet PING : ping
DEBUG  | wrapperp | 2013/05/03 11:09:36 | read a packet PING : ping
INFO   | jvm 1    | 2013/05/03 11:09:38 | 11:09:38.489 INFO - Executing: org.openqa.selenium.remote.server.handler.Status@b98c18 at URL: /status)
INFO   | jvm 1    | 2013/05/03 11:09:38 | 11:09:38.489 INFO - Done: /status
DEBUG  | wrapperp | 2013/05/03 11:09:40 | send a packet PING : ping
INFO   | jvm 1    | 2013/05/03 11:09:40 | WrapperManager Debug: Received a packet PING : ping
INFO   | jvm 1    | 2013/05/03 11:09:40 | WrapperManager Debug: Send a packet PING : ping
DEBUG  | wrapperp | 2013/05/03 11:09:40 | read a packet PING : ping
INFO   | jvm 1    | 2013/05/03 11:09:43 | 11:09:43.502 INFO - Executing: org.openqa.selenium.remote.server.handler.Status@1e890b4 at URL: /status)
INFO   | jvm 1    | 2013/05/03 11:09:43 | 11:09:43.503 INFO - Done: /status
DEBUG  | wrapperp | 2013/05/03 11:09:44 | send a packet PING : ping
INFO   | jvm 1    | 2013/05/03 11:09:44 | WrapperManager Debug: Received a packet PING : ping
INFO   | jvm 1    | 2013/05/03 11:09:44 | WrapperManager Debug: Send a packet PING : ping
DEBUG  | wrapperp | 2013/05/03 11:09:44 | read a packet PING : ping
INFO   | jvm 1    | 2013/05/03 11:09:48 | 11:09:48.508 INFO - Executing: org.openqa.selenium.remote.server.handler.Status@18b3f9a at URL: /status)
INFO   | jvm 1    | 2013/05/03 11:09:48 | 11:09:48.508 INFO - Done: /status
DEBUG  | wrapperp | 2013/05/03 11:09:48 | send a packet PING : ping
INFO   | jvm 1    | 2013/05/03 11:09:48 | WrapperManager Debug: Received a packet PING : ping
INFO   | jvm 1    | 2013/05/03 11:09:48 | WrapperManager Debug: Send a packet PING : ping
DEBUG  | wrapperp | 2013/05/03 11:09:48 | read a packet PING : ping
STATUS | wrapper  | 2013/05/03 11:09:52 | CTRL-C trapped.  Shutting down.
DEBUG  | wrapper  | 2013/05/03 11:09:52 | wrapperStopProcess(0, TRUE) called.
INFO   | jvm 1    | 2013/05/03 11:09:52 | WrapperJNI Debug: Got Control Signal 0->200
INFO   | jvm 1    | 2013/05/03 11:09:52 | WrapperJNI Debug: Handled signal
INFO   | jvm 1    | 2013/05/03 11:09:52 | WrapperManager Debug: Processing control event(WRAPPER_CTRL_C_EVENT)
INFO   | jvm 1    | 2013/05/03 11:09:52 | WrapperJarApp Debug: controlEvent(200) Stopping
INFO   | jvm 1    | 2013/05/03 11:09:52 | WrapperManager Debug: WrapperManager.stop(0) called by thread: Wrapper-Control-Event-Monitor
INFO   | jvm 1    | 2013/05/03 11:09:52 | WrapperManager Debug: Send a packet STOP : 0
INFO   | jvm 1    | 2013/05/03 11:09:52 | WrapperManager Debug: Pausing for 1,000ms to allow a clean shutdown...
DEBUG  | wrapperp | 2013/05/03 11:09:52 | read a packet STOP : 0
DEBUG  | wrapper  | 2013/05/03 11:09:52 | JVM requested a shutdown. (0)
DEBUG  | wrapper  | 2013/05/03 11:09:52 | wrapperStopProcess(0, FALSE) called while stopping.  (IGNORED)
DEBUG  | wrapper  | 2013/05/03 11:09:52 | Sending stop signal to JVM
DEBUG  | wrapperp | 2013/05/03 11:09:52 | send a packet STOP : NULL
INFO   | jvm 1    | 2013/05/03 11:09:52 | WrapperManager Debug: Received a packet STOP : 
INFO   | jvm 1    | 2013/05/03 11:09:53 | WrapperManager Debug: Thread, Wrapper-Control-Event-Monitor, handling the shutdown process.
INFO   | jvm 1    | 2013/05/03 11:09:53 | WrapperManager Debug: calling listener.stop()
INFO   | jvm 1    | 2013/05/03 11:09:53 | WrapperManager Debug: Waiting for WrapperListener.stop runner thread to complete.
INFO   | jvm 1    | 2013/05/03 11:09:53 | WrapperManager Debug: WrapperListener.stop runner thread started.
INFO   | jvm 1    | 2013/05/03 11:09:53 | WrapperManager Debug: Application stop main thread: WrapperListener_stop_runner Priority: 5
INFO   | jvm 1    | 2013/05/03 11:09:53 | WrapperJarApp Debug: stop(0)
INFO   | jvm 1    | 2013/05/03 11:09:53 | WrapperManager Debug: WrapperListener.stop runner thread stopped.
INFO   | jvm 1    | 2013/05/03 11:09:53 | WrapperManager Debug: returned from listener.stop() -> 0
INFO   | jvm 1    | 2013/05/03 11:09:53 | WrapperManager Debug: shutdownJVM(0) Thread: Wrapper-Control-Event-Monitor
INFO   | jvm 1    | 2013/05/03 11:09:53 | WrapperManager Debug: wait for 0 shutdown locks to be released.
INFO   | jvm 1    | 2013/05/03 11:09:53 | WrapperManager Debug: Send a packet STOPPED : 0
INFO   | jvm 1    | 2013/05/03 11:09:53 | 11:09:53.513 INFO - Executing: org.openqa.selenium.remote.server.handler.Status@9a3139 at URL: /status)
INFO   | jvm 1    | 2013/05/03 11:09:53 | 11:09:53.514 INFO - Done: /status
DEBUG  | wrapperp | 2013/05/03 11:09:53 | read a packet STOPPED : 0
DEBUG  | wrapper  | 2013/05/03 11:09:53 | JVM signaled that it was stopped.
INFO   | jvm 1    | 2013/05/03 11:09:53 | WrapperManager Debug: Closing backend connection.
INFO   | jvm 1    | 2013/05/03 11:09:53 | WrapperManager Debug: Closed backend socket (Normal): java.net.SocketException: socket closed
INFO   | jvm 1    | 2013/05/03 11:09:53 | WrapperManager Debug: Returned from backend handler.
DEBUG  | wrapperp | 2013/05/03 11:09:53 | socket read no code (closed?).
DEBUG  | wrapperp | 2013/05/03 11:09:53 | Closing backend socket.
INFO   | jvm 1    | 2013/05/03 11:09:54 | WrapperManager Debug: Server daemon shut down
INFO   | jvm 1    | 2013/05/03 11:09:55 | WrapperManager Debug: calling System.exit(0)
INFO   | jvm 1    | 2013/05/03 11:09:55 | 11:09:54.163 INFO - Shutting down...
DEBUG  | wrapper  | 2013/05/03 11:09:55 | Pause reading child process output to share cycles.
DEBUG  | wrapper  | 2013/05/03 11:09:55 | JVM process exited with a code of 0, leaving the wrapper exit code set to 0.
DEBUG  | wrapper  | 2013/05/03 11:09:55 | JVM exited normally.
STATUS | wrapper  | 2013/05/03 11:09:56 | <-- Wrapper Stopped
